2025-05-06 18:13:19,370 [main] INFO : Browser launched and maximized
2025-05-06 18:13:20,263 [main] INFO : Navigated to saucedemo login page
2025-05-06 18:13:20,400 [main] INFO : Starting invalid login test
2025-05-06 18:13:20,403 [main] INFO : LoginPage object created
2025-05-06 18:13:20,432 [main] INFO : Starting login process with username: standard_user1
2025-05-06 18:13:20,586 [main] DEBUG: Entered username: standard_user1
2025-05-06 18:13:20,686 [main] DEBUG: Entered password
2025-05-06 18:13:20,809 [main] INFO : Clicked on login button
2025-05-06 18:13:20,809 [main] INFO : Login process completed
2025-05-06 18:13:20,847 [main] DEBUG: Error message displayed: true
2025-05-06 18:13:20,849 [main] INFO : Invalid login test passed (error message appeared)
2025-05-06 18:13:20,974 [main] INFO : Navigated to saucedemo login page
2025-05-06 18:13:20,995 [main] INFO : Starting valid login test
2025-05-06 18:13:20,995 [main] INFO : LoginPage object created
2025-05-06 18:13:20,996 [main] INFO : Starting login process with username: standard_user
2025-05-06 18:13:21,101 [main] DEBUG: Entered username: standard_user
2025-05-06 18:13:21,226 [main] DEBUG: Entered password
2025-05-06 18:13:21,425 [main] INFO : Clicked on login button
2025-05-06 18:13:21,425 [main] INFO : Login process completed
2025-05-06 18:13:21,440 [main] DEBUG: Page title after login: Swag Labs
2025-05-06 18:13:21,440 [main] INFO : Valid login test passed
2025-05-06 18:13:22,141 [main] INFO : Browser closed and test ended
2025-05-06 18:16:33,133 [TestNG-tests-1] INFO : Browser launched and maximized
2025-05-06 18:16:34,064 [TestNG-tests-1] INFO : Navigated to saucedemo login page
2025-05-06 18:16:34,184 [TestNG-tests-1] INFO : Starting invalid login test
2025-05-06 18:16:34,187 [TestNG-tests-1] INFO : LoginPage object created
2025-05-06 18:16:34,196 [TestNG-tests-1] INFO : Starting login process with username: standard_user1
2025-05-06 18:16:34,385 [TestNG-tests-1] DEBUG: Entered username: standard_user1
2025-05-06 18:16:34,507 [TestNG-tests-1] DEBUG: Entered password
2025-05-06 18:16:34,586 [TestNG-tests-1] INFO : Clicked on login button
2025-05-06 18:16:34,586 [TestNG-tests-1] INFO : Login process completed
2025-05-06 18:16:34,620 [TestNG-tests-1] DEBUG: Error message displayed: true
2025-05-06 18:16:34,622 [TestNG-tests-1] INFO : Invalid login test passed (error message appeared)
2025-05-06 18:16:34,712 [TestNG-tests-1] INFO : Navigated to saucedemo login page
2025-05-06 18:16:34,726 [TestNG-tests-1] INFO : Starting valid login test
2025-05-06 18:16:34,729 [TestNG-tests-1] INFO : LoginPage object created
2025-05-06 18:16:34,731 [TestNG-tests-1] INFO : Starting login process with username: standard_user
2025-05-06 18:16:34,816 [TestNG-tests-1] DEBUG: Entered username: standard_user
2025-05-06 18:16:34,918 [TestNG-tests-1] DEBUG: Entered password
2025-05-06 18:16:35,040 [TestNG-tests-1] INFO : Clicked on login button
2025-05-06 18:16:35,040 [TestNG-tests-1] INFO : Login process completed
2025-05-06 18:16:35,051 [TestNG-tests-1] DEBUG: Page title after login: Swag Labs
2025-05-06 18:16:35,052 [TestNG-tests-1] INFO : Valid login test passed
2025-05-06 18:16:35,590 [TestNG-tests-1] INFO : Browser closed and test ended
2025-05-07 09:05:59,339 [TestNG-tests-1] INFO : Browser launched and maximized
2025-05-07 09:06:00,605 [TestNG-tests-1] INFO : Navigated to saucedemo login page
2025-05-07 09:06:00,755 [TestNG-tests-1] INFO : Starting invalid login test
2025-05-07 09:06:00,769 [TestNG-tests-1] INFO : LoginPage object created
2025-05-07 09:06:00,774 [TestNG-tests-1] INFO : Starting login process with username: standard_user1
2025-05-07 09:06:01,021 [TestNG-tests-1] DEBUG: Entered username: standard_user1
2025-05-07 09:06:01,153 [TestNG-tests-1] DEBUG: Entered password
2025-05-07 09:06:01,375 [TestNG-tests-1] INFO : Clicked on login button
2025-05-07 09:06:01,375 [TestNG-tests-1] INFO : Login process completed
2025-05-07 09:06:01,428 [TestNG-tests-1] DEBUG: Error message displayed: true
2025-05-07 09:06:01,436 [TestNG-tests-1] INFO : Invalid login test passed (error message appeared)
2025-05-07 09:06:01,545 [TestNG-tests-1] INFO : Navigated to saucedemo login page
2025-05-07 09:06:01,556 [TestNG-tests-1] INFO : Starting valid login test
2025-05-07 09:06:01,557 [TestNG-tests-1] INFO : LoginPage object created
2025-05-07 09:06:01,557 [TestNG-tests-1] INFO : Starting login process with username: standard_user
2025-05-07 09:06:01,696 [TestNG-tests-1] DEBUG: Entered username: standard_user
2025-05-07 09:06:01,892 [TestNG-tests-1] DEBUG: Entered password
2025-05-07 09:06:02,041 [TestNG-tests-1] INFO : Clicked on login button
2025-05-07 09:06:02,041 [TestNG-tests-1] INFO : Login process completed
2025-05-07 09:06:02,053 [TestNG-tests-1] DEBUG: Page title after login: Swag Labs
2025-05-07 09:06:02,053 [TestNG-tests-1] INFO : Valid login test passed
2025-05-07 09:06:02,450 [TestNG-tests-1] INFO : Browser closed and test ended
2025-05-07 10:53:54,196 [main] INFO : Browser launched and maximized
2025-05-07 10:53:55,234 [main] INFO : Navigated to saucedemo login page
2025-05-07 10:53:55,366 [main] INFO : Starting valid login test
2025-05-07 10:53:55,371 [main] INFO : LoginPage object created
2025-05-07 10:53:55,373 [main] INFO : Starting login process with username: standard_user
2025-05-07 10:53:55,406 [main] ERROR: Failed to enter username
org.openqa.selenium.NoSuchElementException: no such element: Unable to locate element: {"method":"css selector","selector":"#user\-name1"}
  (Session info: chrome=136.0.7103.49)
For documentation on this error, please visit: https://www.selenium.dev/documentation/webdriver/troubleshooting/errors#no-such-element-exception
Build info: version: '4.31.0', revision: '1ef9f18787*'
System info: os.name: 'Windows 11', os.arch: 'amd64', os.version: '10.0', java.version: '21.0.2'
Driver info: org.openqa.selenium.chrome.ChromeDriver
Command: [2a9e270f6e4383fe14a459e4f162a439, findElement {using=id, value=user-name1}]
Capabilities {acceptInsecureCerts: false, browserName: chrome, browserVersion: 136.0.7103.49, chrome: {chromedriverVersion: 136.0.7103.49 (031848bc6ad0..., userDataDir: C:\Users\MAHMOU~1\AppData\L...}, fedcm:accounts: true, goog:chromeOptions: {debuggerAddress: localhost:53754}, networkConnectionEnabled: false, pageLoadStrategy: normal, platformName: windows, proxy: Proxy(), se:cdp: ws://localhost:53754/devtoo..., se:cdpVersion: 136.0.7103.49, setWindowRect: true, strictFileInteractability: false, timeouts: {implicit: 0, pageLoad: 300000, script: 30000}, unhandledPromptBehavior: dismiss and notify, webauthn:extension:credBlob: true, webauthn:extension:largeBlob: true, webauthn:extension:minPinLength: true, webauthn:extension:prf: true, webauthn:virtualAuthenticators: true}
Session ID: 2a9e270f6e4383fe14a459e4f162a439
	at java.base/jdk.internal.reflect.DirectConstructorHandleAccessor.newInstance(DirectConstructorHandleAccessor.java:62) ~[?:?]
	at java.base/java.lang.reflect.Constructor.newInstanceWithCaller(Constructor.java:502) ~[?:?]
	at java.base/java.lang.reflect.Constructor.newInstance(Constructor.java:486) ~[?:?]
	at org.openqa.selenium.remote.ErrorCodec.decode(ErrorCodec.java:167) ~[selenium-remote-driver-4.31.0.jar:?]
	at org.openqa.selenium.remote.codec.w3c.W3CHttpResponseCodec.decode(W3CHttpResponseCodec.java:138) ~[selenium-remote-driver-4.31.0.jar:?]
	at org.openqa.selenium.remote.codec.w3c.W3CHttpResponseCodec.decode(W3CHttpResponseCodec.java:50) ~[selenium-remote-driver-4.31.0.jar:?]
	at org.openqa.selenium.remote.HttpCommandExecutor.execute(HttpCommandExecutor.java:215) ~[selenium-remote-driver-4.31.0.jar:?]
	at org.openqa.selenium.remote.service.DriverCommandExecutor.invokeExecute(DriverCommandExecutor.java:216) ~[selenium-remote-driver-4.31.0.jar:?]
	at org.openqa.selenium.remote.service.DriverCommandExecutor.execute(DriverCommandExecutor.java:174) ~[selenium-remote-driver-4.31.0.jar:?]
	at org.openqa.selenium.remote.RemoteWebDriver.execute(RemoteWebDriver.java:545) ~[selenium-remote-driver-4.31.0.jar:?]
	at org.openqa.selenium.remote.ElementLocation$ElementFinder$2.findElement(ElementLocation.java:165) ~[selenium-remote-driver-4.31.0.jar:?]
	at org.openqa.selenium.remote.ElementLocation.findElement(ElementLocation.java:66) ~[selenium-remote-driver-4.31.0.jar:?]
	at org.openqa.selenium.remote.RemoteWebDriver.findElement(RemoteWebDriver.java:368) ~[selenium-remote-driver-4.31.0.jar:?]
	at org.openqa.selenium.remote.RemoteWebDriver.findElement(RemoteWebDriver.java:362) ~[selenium-remote-driver-4.31.0.jar:?]
	at Pages.LoginPage.setUsername(LoginPage.java:27) ~[test-classes/:?]
	at Pages.LoginPage.login(LoginPage.java:56) ~[test-classes/:?]
	at Tests.LoginTest.loginTest(LoginTest.java:22) ~[test-classes/:?]
	at java.base/jdk.internal.reflect.DirectMethodHandleAccessor.invoke(DirectMethodHandleAccessor.java:103) ~[?:?]
	at java.base/java.lang.reflect.Method.invoke(Method.java:580) ~[?:?]
	at org.testng.internal.invokers.MethodInvocationHelper.invokeMethod(MethodInvocationHelper.java:141) ~[testng-7.10.1.jar:7.10.1]
	at org.testng.internal.invokers.TestInvoker.invokeMethod(TestInvoker.java:686) ~[testng-7.10.1.jar:7.10.1]
	at org.testng.internal.invokers.TestInvoker.invokeTestMethod(TestInvoker.java:230) ~[testng-7.10.1.jar:7.10.1]
	at org.testng.internal.invokers.MethodRunner.runInSequence(MethodRunner.java:63) ~[testng-7.10.1.jar:7.10.1]
	at org.testng.internal.invokers.TestInvoker$MethodInvocationAgent.invoke(TestInvoker.java:992) ~[testng-7.10.1.jar:7.10.1]
	at org.testng.internal.invokers.TestInvoker.invokeTestMethods(TestInvoker.java:203) ~[testng-7.10.1.jar:7.10.1]
	at org.testng.internal.invokers.TestMethodWorker.invokeTestMethods(TestMethodWorker.java:154) ~[testng-7.10.1.jar:7.10.1]
	at org.testng.internal.invokers.TestMethodWorker.run(TestMethodWorker.java:134) ~[testng-7.10.1.jar:7.10.1]
	at java.base/java.util.ArrayList.forEach(ArrayList.java:1596) [?:?]
	at org.testng.TestRunner.privateRun(TestRunner.java:739) [testng-7.10.1.jar:7.10.1]
	at org.testng.TestRunner.run(TestRunner.java:614) [testng-7.10.1.jar:7.10.1]
	at org.testng.SuiteRunner.runTest(SuiteRunner.java:421) [testng-7.10.1.jar:7.10.1]
	at org.testng.SuiteRunner.runSequentially(SuiteRunner.java:413) [testng-7.10.1.jar:7.10.1]
	at org.testng.SuiteRunner.privateRun(SuiteRunner.java:373) [testng-7.10.1.jar:7.10.1]
	at org.testng.SuiteRunner.run(SuiteRunner.java:312) [testng-7.10.1.jar:7.10.1]
	at org.testng.SuiteRunnerWorker.runSuite(SuiteRunnerWorker.java:52) [testng-7.10.1.jar:7.10.1]
	at org.testng.SuiteRunnerWorker.run(SuiteRunnerWorker.java:95) [testng-7.10.1.jar:7.10.1]
	at org.testng.TestNG.runSuitesSequentially(TestNG.java:1274) [testng-7.10.1.jar:7.10.1]
	at org.testng.TestNG.runSuitesLocally(TestNG.java:1208) [testng-7.10.1.jar:7.10.1]
	at org.testng.TestNG.runSuites(TestNG.java:1112) [testng-7.10.1.jar:7.10.1]
	at org.testng.TestNG.run(TestNG.java:1079) [testng-7.10.1.jar:7.10.1]
	at com.intellij.rt.testng.IDEARemoteTestNG.run(IDEARemoteTestNG.java:65) [testng-rt.jar:?]
	at com.intellij.rt.testng.RemoteTestNGStarter.main(RemoteTestNGStarter.java:105) [testng-rt.jar:?]
2025-05-07 10:53:55,584 [main] DEBUG: Entered password
2025-05-07 10:53:55,660 [main] INFO : Clicked on login button
2025-05-07 10:53:55,660 [main] INFO : Login process completed
2025-05-07 10:53:55,672 [main] DEBUG: Page title after login: Swag Labs
2025-05-07 10:53:55,681 [main] INFO : Valid login test passed
2025-05-07 10:53:56,112 [main] INFO : Browser closed and test ended
2025-05-07 10:54:46,289 [main] INFO : Browser launched and maximized
2025-05-07 10:54:47,490 [main] INFO : Navigated to saucedemo login page
2025-05-07 10:54:47,602 [main] INFO : Starting valid login test
2025-05-07 10:54:47,606 [main] INFO : LoginPage object created
2025-05-07 10:54:47,613 [main] INFO : Starting login process with username: standard_user
2025-05-07 10:54:48,049 [main] INFO : Browser closed and test ended
2025-05-07 12:16:29,408 [main] INFO : Browser launched and maximized
2025-05-07 12:16:30,693 [main] INFO : Navigated to saucedemo login page
2025-05-07 12:16:31,031 [main] INFO : Starting valid login test
2025-05-07 12:16:31,036 [main] INFO : LoginPage object created
2025-05-07 12:16:31,039 [main] INFO : Starting login process with username: yuonne.okuneva
2025-05-07 12:16:31,321 [main] DEBUG: Entered username: yuonne.okuneva
2025-05-07 12:16:31,507 [main] DEBUG: Entered password
2025-05-07 12:16:31,617 [main] INFO : Clicked on login button
2025-05-07 12:16:31,617 [main] INFO : Login process completed
2025-05-07 12:16:31,627 [main] DEBUG: Page title after login: Swag Labs
2025-05-07 12:16:31,629 [main] INFO : Valid login test passed
2025-05-07 12:16:32,034 [main] INFO : Browser closed and test ended
2025-05-07 17:46:35,820 [main] INFO : Browser launched and maximized
2025-05-07 17:46:37,533 [main] INFO : Navigated to saucedemo login page
2025-05-07 17:46:38,470 [main] INFO : Starting valid login test
2025-05-07 17:46:38,474 [main] INFO : LoginPage object created
2025-05-07 17:46:38,479 [main] INFO : Starting login process with username: vernita.lakin
2025-05-07 17:46:38,826 [main] DEBUG: Entered username: vernita.lakin
2025-05-07 17:46:39,029 [main] DEBUG: Entered password
2025-05-07 17:46:39,275 [main] INFO : Clicked on login button
2025-05-07 17:46:39,277 [main] INFO : Login process completed
2025-05-07 17:46:39,313 [main] DEBUG: Page title after login: Swag Labs
2025-05-07 17:46:39,317 [main] INFO : Valid login test passed
2025-05-07 17:46:39,918 [main] INFO : Browser closed and test ended
2025-05-07 17:47:04,138 [TestNG-tests-1] INFO : Browser launched and maximized
2025-05-07 17:47:04,498 [TestNG-tests-1] INFO : Navigated to saucedemo login page
2025-05-07 17:47:04,769 [TestNG-tests-1] INFO : Starting invalid login test
2025-05-07 17:47:04,771 [TestNG-tests-1] INFO : LoginPage object created
2025-05-07 17:47:04,795 [TestNG-tests-1] INFO : Starting login process with username: standard_user1
2025-05-07 17:47:05,687 [TestNG-tests-1] DEBUG: Entered username: standard_user1
2025-05-07 17:47:05,853 [TestNG-tests-1] DEBUG: Entered password
2025-05-07 17:47:06,064 [TestNG-tests-1] INFO : Clicked on login button
2025-05-07 17:47:06,066 [TestNG-tests-1] INFO : Login process completed
2025-05-07 17:47:06,136 [TestNG-tests-1] DEBUG: Error message displayed: true
2025-05-07 17:47:06,139 [TestNG-tests-1] INFO : Invalid login test passed (error message appeared)
2025-05-07 17:47:06,338 [TestNG-tests-1] INFO : Navigated to saucedemo login page
2025-05-07 17:47:06,703 [TestNG-tests-1] INFO : Starting valid login test
2025-05-07 17:47:06,703 [TestNG-tests-1] INFO : LoginPage object created
2025-05-07 17:47:06,703 [TestNG-tests-1] INFO : Starting login process with username: zella.gislason
2025-05-07 17:47:06,866 [TestNG-tests-1] DEBUG: Entered username: zella.gislason
2025-05-07 17:47:07,079 [TestNG-tests-1] DEBUG: Entered password
2025-05-07 17:47:07,237 [TestNG-tests-1] INFO : Clicked on login button
2025-05-07 17:47:07,237 [TestNG-tests-1] INFO : Login process completed
2025-05-07 17:47:07,263 [TestNG-tests-1] DEBUG: Page title after login: Swag Labs
2025-05-07 17:47:07,266 [TestNG-tests-1] INFO : Valid login test passed
2025-05-07 17:47:08,021 [TestNG-tests-1] INFO : Browser closed and test ended
2025-05-07 17:52:34,063 [TestNG-tests-1] INFO : Browser launched and maximized
2025-05-07 17:52:35,131 [TestNG-tests-1] INFO : Navigated to saucedemo login page
2025-05-07 17:52:35,431 [TestNG-tests-1] INFO : Starting invalid login test
2025-05-07 17:52:35,436 [TestNG-tests-1] INFO : LoginPage object created
2025-05-07 17:52:35,467 [TestNG-tests-1] INFO : Starting login process with username: standard_user1
2025-05-07 17:52:35,729 [TestNG-tests-1] DEBUG: Entered username: standard_user1
2025-05-07 17:52:35,871 [TestNG-tests-1] DEBUG: Entered password
2025-05-07 17:52:36,018 [TestNG-tests-1] INFO : Clicked on login button
2025-05-07 17:52:36,018 [TestNG-tests-1] INFO : Login process completed
2025-05-07 17:52:36,084 [TestNG-tests-1] DEBUG: Error message displayed: true
2025-05-07 17:52:36,089 [TestNG-tests-1] INFO : Invalid login test passed (error message appeared)
2025-05-07 17:52:36,235 [TestNG-tests-1] INFO : Navigated to saucedemo login page
2025-05-07 17:52:36,717 [TestNG-tests-1] INFO : Starting valid login test
2025-05-07 17:52:36,717 [TestNG-tests-1] INFO : LoginPage object created
2025-05-07 17:52:36,717 [TestNG-tests-1] INFO : Starting login process with username: roxanne.russel
2025-05-07 17:52:36,928 [TestNG-tests-1] DEBUG: Entered username: roxanne.russel
2025-05-07 17:52:37,159 [TestNG-tests-1] DEBUG: Entered password
2025-05-07 17:52:37,344 [TestNG-tests-1] INFO : Clicked on login button
2025-05-07 17:52:37,344 [TestNG-tests-1] INFO : Login process completed
2025-05-07 17:52:37,368 [TestNG-tests-1] DEBUG: Page title after login: Swag Labs
2025-05-07 17:52:37,368 [TestNG-tests-1] INFO : Valid login test passed
2025-05-07 17:52:37,922 [TestNG-tests-1] INFO : Browser closed and test ended
2025-05-07 18:10:09,245 [main] INFO : Browser launched and maximized
2025-05-07 18:10:11,260 [main] INFO : Navigated to saucedemo login page
2025-05-07 18:10:11,559 [main] INFO : Starting invalid login test
2025-05-07 18:10:11,570 [main] INFO : LoginPage object created
2025-05-07 18:10:11,574 [main] INFO : Starting login process with username: standard_user1
2025-05-07 18:10:11,957 [main] DEBUG: Entered username: standard_user1
2025-05-07 18:10:12,311 [main] DEBUG: Entered password
2025-05-07 18:10:12,639 [main] INFO : Clicked on login button
2025-05-07 18:10:12,639 [main] INFO : Login process completed
2025-05-07 18:10:12,739 [main] DEBUG: Error message displayed: true
2025-05-07 18:10:12,745 [main] INFO : Invalid login test passed (error message appeared)
2025-05-07 18:10:12,987 [main] INFO : Navigated to saucedemo login page
2025-05-07 18:10:13,581 [main] INFO : Starting valid login test
2025-05-07 18:10:13,583 [main] INFO : LoginPage object created
2025-05-07 18:10:13,585 [main] INFO : Starting login process with username: johnsie.smitham
2025-05-07 18:10:13,753 [main] DEBUG: Entered username: johnsie.smitham
2025-05-07 18:10:13,978 [main] DEBUG: Entered password
2025-05-07 18:10:14,197 [main] INFO : Clicked on login button
2025-05-07 18:10:14,197 [main] INFO : Login process completed
2025-05-07 18:10:14,223 [main] DEBUG: Page title after login: Swag Labs
2025-05-07 18:10:14,223 [main] INFO : Valid login test passed
2025-05-07 18:10:14,822 [main] INFO : Browser closed and test ended
2025-05-07 18:13:47,180 [main] INFO : Browser launched and maximized
2025-05-07 18:13:48,211 [main] INFO : Navigated to saucedemo login page
2025-05-07 18:13:48,410 [main] INFO : Starting invalid login test
2025-05-07 18:13:48,419 [main] INFO : LoginPage object created
2025-05-07 18:13:48,428 [main] INFO : Starting login process with username: standard_user1
2025-05-07 18:13:48,728 [main] DEBUG: Entered username: standard_user1
2025-05-07 18:13:48,911 [main] DEBUG: Entered password
2025-05-07 18:13:49,045 [main] INFO : Clicked on login button
2025-05-07 18:13:49,046 [main] INFO : Login process completed
2025-05-07 18:13:49,095 [main] DEBUG: Error message displayed: true
2025-05-07 18:13:49,098 [main] INFO : Invalid login test passed (error message appeared)
2025-05-07 18:13:49,215 [main] INFO : Navigated to saucedemo login page
2025-05-07 18:13:49,536 [main] INFO : Starting valid login test
2025-05-07 18:13:49,537 [main] INFO : LoginPage object created
2025-05-07 18:13:49,537 [main] INFO : Starting login process with username: major.shanahan
2025-05-07 18:13:49,679 [main] DEBUG: Entered username: major.shanahan
2025-05-07 18:13:49,793 [main] DEBUG: Entered password
2025-05-07 18:13:49,898 [main] INFO : Clicked on login button
2025-05-07 18:13:49,898 [main] INFO : Login process completed
2025-05-07 18:13:49,910 [main] DEBUG: Page title after login: Swag Labs
2025-05-07 18:13:49,910 [main] INFO : Valid login test passed
2025-05-07 18:13:50,296 [main] INFO : Browser closed and test ended
2025-05-07 18:15:29,523 [TestNG-tests-1] INFO : Browser launched and maximized
2025-05-07 18:15:30,481 [TestNG-tests-1] INFO : Navigated to saucedemo login page
2025-05-07 18:15:31,368 [TestNG-tests-1] INFO : Starting valid login test
2025-05-07 18:15:31,393 [TestNG-tests-1] INFO : LoginPage object created
2025-05-07 18:15:31,447 [TestNG-tests-1] INFO : Starting login process with username: hilario.morissette
2025-05-07 18:15:31,793 [TestNG-tests-1] DEBUG: Entered username: hilario.morissette
2025-05-07 18:15:32,036 [TestNG-tests-1] DEBUG: Entered password
2025-05-07 18:15:32,304 [TestNG-tests-1] INFO : Clicked on login button
2025-05-07 18:15:32,304 [TestNG-tests-1] INFO : Login process completed
2025-05-07 18:15:32,328 [TestNG-tests-1] DEBUG: Page title after login: Swag Labs
2025-05-07 18:15:32,331 [TestNG-tests-1] INFO : Valid login test passed
2025-05-07 18:15:32,883 [TestNG-tests-1] INFO : Browser closed and test ended
2025-05-07 18:19:39,956 [TestNG-tests-1] INFO : Browser launched and maximized
2025-05-07 18:19:41,428 [TestNG-tests-1] INFO : Navigated to saucedemo login page
2025-05-07 18:19:42,076 [TestNG-tests-1] INFO : Starting valid login test
2025-05-07 18:19:42,081 [TestNG-tests-1] INFO : LoginPage object created
2025-05-07 18:19:42,114 [TestNG-tests-1] INFO : Starting login process with username: christian.welch
2025-05-07 18:19:42,576 [TestNG-tests-1] DEBUG: Entered username: christian.welch
2025-05-07 18:19:42,842 [TestNG-tests-1] DEBUG: Entered password
2025-05-07 18:19:43,345 [TestNG-tests-1] INFO : Clicked on login button
2025-05-07 18:19:43,347 [TestNG-tests-1] INFO : Login process completed
2025-05-07 18:19:43,382 [TestNG-tests-1] DEBUG: Page title after login: Swag Labs
2025-05-07 18:19:43,387 [TestNG-tests-1] INFO : Valid login test passed
2025-05-07 18:19:43,972 [TestNG-tests-1] INFO : Browser closed and test ended
2025-05-07 18:20:51,505 [main] INFO : Browser launched and maximized
2025-05-07 18:20:52,506 [main] INFO : Navigated to saucedemo login page
2025-05-07 18:20:52,975 [main] INFO : Starting valid login test
2025-05-07 18:20:52,982 [main] INFO : LoginPage object created
2025-05-07 18:20:52,991 [main] INFO : Starting login process with username: gabriela.dubuque
2025-05-07 18:20:53,262 [main] DEBUG: Entered username: gabriela.dubuque
2025-05-07 18:20:53,447 [main] DEBUG: Entered password
2025-05-07 18:20:53,657 [main] INFO : Clicked on login button
2025-05-07 18:20:53,657 [main] INFO : Login process completed
2025-05-07 18:20:53,683 [main] DEBUG: Page title after login: Swag Labs
2025-05-07 18:20:53,689 [main] INFO : Valid login test passed
2025-05-07 18:20:54,290 [main] INFO : Browser closed and test ended
2025-05-07 18:23:51,632 [main] INFO : Browser launched and maximized
2025-05-07 18:23:53,060 [main] INFO : Navigated to saucedemo login page
2025-05-07 18:23:53,532 [main] INFO : Starting valid login test
2025-05-07 18:23:53,539 [main] INFO : LoginPage object created
2025-05-07 18:23:53,548 [main] INFO : Starting login process with username: emely.roob
2025-05-07 18:23:53,813 [main] DEBUG: Entered username: emely.roob
2025-05-07 18:23:54,255 [main] DEBUG: Entered password
2025-05-07 18:23:54,636 [main] INFO : Clicked on login button
2025-05-07 18:23:54,636 [main] INFO : Login process completed
2025-05-07 18:23:54,659 [main] DEBUG: Page title after login: Swag Labs
2025-05-07 18:23:54,664 [main] INFO : Valid login test passed
2025-05-07 18:23:55,271 [main] INFO : Browser closed and test ended
2025-05-07 19:06:15,722 [main] INFO : Browser launched and maximized
2025-05-07 19:06:17,473 [main] INFO : Navigated to saucedemo login page
2025-05-07 19:06:17,736 [main] INFO : Starting invalid login test
2025-05-07 19:06:17,739 [main] INFO : LoginPage object created
2025-05-07 19:06:17,746 [main] INFO : Starting login process with username: standard_user1
2025-05-07 19:06:17,901 [main] DEBUG: Entered username: standard_user1
2025-05-07 19:06:18,097 [main] DEBUG: Entered password
2025-05-07 19:06:18,383 [main] INFO : Clicked on login button
2025-05-07 19:06:18,383 [main] INFO : Login process completed
2025-05-07 19:06:18,487 [main] DEBUG: Error message displayed: true
2025-05-07 19:06:18,492 [main] INFO : Invalid login test passed (error message appeared)
2025-05-07 19:06:18,747 [main] INFO : Navigated to saucedemo login page
2025-05-07 19:06:19,413 [main] INFO : Starting valid login test
2025-05-07 19:06:19,413 [main] INFO : LoginPage object created
2025-05-07 19:06:19,413 [main] INFO : Starting login process with username: kemberly.hintz
2025-05-07 19:06:19,642 [main] DEBUG: Entered username: kemberly.hintz
2025-05-07 19:06:19,880 [main] DEBUG: Entered password
2025-05-07 19:06:20,038 [main] INFO : Clicked on login button
2025-05-07 19:06:20,038 [main] INFO : Login process completed
2025-05-07 19:06:20,064 [main] DEBUG: Page title after login: Swag Labs
2025-05-07 19:06:20,064 [main] INFO : Valid login test passed
2025-05-07 19:06:20,571 [main] INFO : Browser closed and test ended
2025-05-07 19:07:21,486 [main] INFO : Browser launched and maximized
2025-05-07 19:07:22,571 [main] INFO : Navigated to saucedemo login page
2025-05-07 19:07:22,758 [main] INFO : Starting invalid login test
2025-05-07 19:07:22,766 [main] INFO : LoginPage object created
2025-05-07 19:07:22,773 [main] INFO : Starting login process with username: standard_user1
2025-05-07 19:07:22,977 [main] DEBUG: Entered username: standard_user1
2025-05-07 19:07:23,106 [main] DEBUG: Entered password
2025-05-07 19:07:23,354 [main] INFO : Clicked on login button
2025-05-07 19:07:23,354 [main] INFO : Login process completed
2025-05-07 19:07:23,455 [main] DEBUG: Error message displayed: true
2025-05-07 19:07:23,460 [main] INFO : Invalid login test passed (error message appeared)
2025-05-07 19:07:23,650 [main] INFO : Navigated to saucedemo login page
2025-05-07 19:07:23,910 [main] INFO : Starting valid login test
2025-05-07 19:07:23,910 [main] INFO : LoginPage object created
2025-05-07 19:07:23,910 [main] INFO : Starting login process with username: osvaldo.bashirian
2025-05-07 19:07:24,026 [main] DEBUG: Entered username: osvaldo.bashirian
2025-05-07 19:07:24,136 [main] DEBUG: Entered password
2025-05-07 19:07:24,379 [main] INFO : Clicked on login button
2025-05-07 19:07:24,382 [main] INFO : Login process completed
2025-05-07 19:07:24,407 [main] DEBUG: Page title after login: Swag Labs
2025-05-07 19:07:24,407 [main] INFO : Valid login test passed
2025-05-07 19:07:24,964 [main] INFO : Browser closed and test ended
2025-05-07 19:08:42,062 [main] INFO : Browser launched and maximized
2025-05-07 19:08:43,163 [main] INFO : Navigated to saucedemo login page
2025-05-07 19:08:43,343 [main] INFO : Starting invalid login test
2025-05-07 19:08:43,347 [main] INFO : LoginPage object created
2025-05-07 19:08:43,358 [main] INFO : Starting login process with username: standard_user1
2025-05-07 19:08:43,572 [main] DEBUG: Entered username: standard_user1
2025-05-07 19:08:43,704 [main] DEBUG: Entered password
2025-05-07 19:08:43,884 [main] INFO : Clicked on login button
2025-05-07 19:08:43,884 [main] INFO : Login process completed
2025-05-07 19:08:43,950 [main] DEBUG: Error message displayed: true
2025-05-07 19:08:43,953 [main] INFO : Invalid login test passed (error message appeared)
2025-05-07 19:08:44,079 [main] INFO : Navigated to saucedemo login page
2025-05-07 19:08:44,459 [main] INFO : Starting valid login test
2025-05-07 19:08:44,459 [main] INFO : LoginPage object created
2025-05-07 19:08:44,459 [main] INFO : Starting login process with username: theron.quitzon
2025-05-07 19:08:44,642 [main] DEBUG: Entered username: theron.quitzon
2025-05-07 19:08:44,870 [main] DEBUG: Entered password
2025-05-07 19:08:45,141 [main] INFO : Clicked on login button
2025-05-07 19:08:45,141 [main] INFO : Login process completed
2025-05-07 19:08:45,167 [main] DEBUG: Page title after login: Swag Labs
2025-05-07 19:08:45,167 [main] INFO : Valid login test passed
2025-05-07 19:08:45,673 [main] INFO : Browser closed and test ended
2025-05-07 19:12:55,593 [main] INFO : Browser launched and maximized
2025-05-07 19:12:56,395 [main] INFO : Navigated to saucedemo login page
2025-05-07 19:12:56,571 [main] INFO : Starting invalid login test
2025-05-07 19:12:56,580 [main] INFO : LoginPage object created
2025-05-07 19:12:56,584 [main] INFO : Starting login process with username: standard_user1
2025-05-07 19:12:59,795 [main] DEBUG: Entered username: standard_user1
2025-05-07 19:12:59,966 [main] DEBUG: Entered password
2025-05-07 19:13:00,175 [main] INFO : Clicked on login button
2025-05-07 19:13:00,175 [main] INFO : Login process completed
2025-05-07 19:13:00,224 [main] DEBUG: Error message displayed: true
2025-05-07 19:13:00,226 [main] INFO : Invalid login test passed (error message appeared)
2025-05-07 19:13:00,352 [main] INFO : Navigated to saucedemo login page
2025-05-07 19:13:00,739 [main] INFO : Starting valid login test
2025-05-07 19:13:00,739 [main] INFO : LoginPage object created
2025-05-07 19:13:00,739 [main] INFO : Starting login process with username: austin.leannon
2025-05-07 19:13:00,891 [main] DEBUG: Entered username: austin.leannon
2025-05-07 19:13:01,038 [main] DEBUG: Entered password
2025-05-07 19:13:01,256 [main] INFO : Clicked on login button
2025-05-07 19:13:01,256 [main] INFO : Login process completed
2025-05-07 19:13:01,275 [main] DEBUG: Page title after login: Swag Labs
2025-05-07 19:13:01,280 [main] INFO : Valid login test passed
2025-05-07 19:13:01,842 [main] INFO : Browser closed and test ended
2025-05-07 19:14:36,278 [main] INFO : Browser launched and maximized
2025-05-07 19:14:37,676 [main] INFO : Navigated to saucedemo login page
2025-05-07 19:14:37,899 [main] INFO : Starting invalid login test
2025-05-07 19:14:37,907 [main] INFO : LoginPage object created
2025-05-07 19:14:37,912 [main] INFO : Starting login process with username: standard_user1
2025-05-07 19:14:38,108 [main] DEBUG: Entered username: standard_user1
2025-05-07 19:14:38,411 [main] DEBUG: Entered password
2025-05-07 19:14:38,692 [main] INFO : Clicked on login button
2025-05-07 19:14:38,692 [main] INFO : Login process completed
2025-05-07 19:14:38,803 [main] DEBUG: Error message displayed: true
2025-05-07 19:14:38,808 [main] INFO : Invalid login test passed (error message appeared)
2025-05-07 19:14:39,050 [main] INFO : Navigated to saucedemo login page
2025-05-07 19:14:39,505 [main] INFO : Starting valid login test
2025-05-07 19:14:39,506 [main] INFO : LoginPage object created
2025-05-07 19:14:39,506 [main] INFO : Starting login process with username: tuan.dickinson
2025-05-07 19:14:39,889 [main] DEBUG: Entered username: tuan.dickinson
2025-05-07 19:14:40,247 [main] DEBUG: Entered password
2025-05-07 19:14:40,461 [main] INFO : Clicked on login button
2025-05-07 19:14:40,462 [main] INFO : Login process completed
2025-05-07 19:14:40,484 [main] DEBUG: Page title after login: Swag Labs
2025-05-07 19:14:40,484 [main] INFO : Valid login test passed
2025-05-07 19:14:40,939 [main] INFO : Browser closed and test ended
2025-05-07 19:16:05,092 [main] INFO : Browser launched and maximized
2025-05-07 19:16:05,408 [main] INFO : Navigated to saucedemo login page
2025-05-07 19:16:05,983 [main] INFO : Starting valid login test
2025-05-07 19:16:05,986 [main] INFO : LoginPage object created
2025-05-07 19:16:06,002 [main] INFO : Starting login process with username: antonia.kuhn
2025-05-07 19:16:06,707 [main] DEBUG: Entered username: antonia.kuhn
2025-05-07 19:16:06,900 [main] DEBUG: Entered password
2025-05-07 19:16:07,056 [main] INFO : Clicked on login button
2025-05-07 19:16:07,056 [main] INFO : Login process completed
2025-05-07 19:16:07,071 [main] DEBUG: Page title after login: Swag Labs
2025-05-07 19:16:07,074 [main] INFO : Valid login test passed
2025-05-07 19:16:07,541 [main] INFO : Browser closed and test ended
2025-05-07 19:17:31,750 [main] INFO : Browser launched and maximized
2025-05-07 19:17:32,741 [main] INFO : Navigated to saucedemo login page
2025-05-07 19:17:33,005 [main] INFO : Starting invalid login test
2025-05-07 19:17:33,013 [main] INFO : LoginPage object created
2025-05-07 19:17:33,019 [main] INFO : Starting login process with username: standard_user1
2025-05-07 19:17:33,380 [main] DEBUG: Entered username: standard_user1
2025-05-07 19:17:33,752 [main] DEBUG: Entered password
2025-05-07 19:17:34,038 [main] INFO : Clicked on login button
2025-05-07 19:17:34,038 [main] INFO : Login process completed
2025-05-07 19:17:34,133 [main] DEBUG: Error message displayed: true
2025-05-07 19:17:34,138 [main] INFO : Invalid login test passed (error message appeared)
2025-05-07 19:17:34,383 [main] INFO : Navigated to saucedemo login page
2025-05-07 19:17:34,821 [main] INFO : Starting valid login test
2025-05-07 19:17:34,821 [main] INFO : LoginPage object created
2025-05-07 19:17:34,821 [main] INFO : Starting login process with username: sau.leannon
2025-05-07 19:17:34,981 [main] DEBUG: Entered username: sau.leannon
2025-05-07 19:17:35,221 [main] DEBUG: Entered password
2025-05-07 19:17:35,402 [main] INFO : Clicked on login button
2025-05-07 19:17:35,402 [main] INFO : Login process completed
2025-05-07 19:17:35,422 [main] DEBUG: Page title after login: Swag Labs
2025-05-07 19:17:35,423 [main] INFO : Valid login test passed
2025-05-07 19:17:36,066 [main] INFO : Browser closed and test ended
2025-05-07 19:19:50,020 [main] INFO : Browser launched and maximized
2025-05-07 19:19:51,059 [main] INFO : Navigated to saucedemo login page
2025-05-07 19:19:51,390 [main] INFO : Starting valid login test
2025-05-07 19:19:51,399 [main] INFO : LoginPage object created
2025-05-07 19:19:51,412 [main] INFO : Starting login process with username: marcelino.dooley
2025-05-07 19:19:51,740 [main] DEBUG: Entered username: marcelino.dooley
2025-05-07 19:19:51,999 [main] DEBUG: Entered password
2025-05-07 19:19:52,184 [main] INFO : Clicked on login button
2025-05-07 19:19:52,185 [main] INFO : Login process completed
2025-05-07 19:19:52,210 [main] DEBUG: Page title after login: Swag Labs
2025-05-07 19:19:52,216 [main] INFO : Valid login test passed
2025-05-07 19:19:53,140 [main] INFO : Browser closed and test ended
2025-05-07 19:21:59,506 [main] INFO : Browser launched and maximized
2025-05-07 19:22:00,902 [main] INFO : Navigated to saucedemo login page
2025-05-07 19:22:01,285 [main] INFO : Starting valid login test
2025-05-07 19:22:01,286 [main] INFO : LoginPage object created
2025-05-07 19:22:01,291 [main] INFO : Starting login process with username: daniel.kuhn
2025-05-07 19:22:01,670 [main] DEBUG: Entered username: daniel.kuhn
2025-05-07 19:22:02,020 [main] DEBUG: Entered password
2025-05-07 19:22:02,344 [main] INFO : Clicked on login button
2025-05-07 19:22:02,345 [main] INFO : Login process completed
2025-05-07 19:22:02,370 [main] DEBUG: Page title after login: Swag Labs
2025-05-07 19:22:02,376 [main] INFO : Valid login test passed
2025-05-07 19:22:03,533 [main] INFO : Browser closed and test ended
